<?xml version="1.0" encoding="UTF-8"?>
<!-- Generated by org.testng.reporters.JUnitXMLReporter -->
<testsuite hostname="LAPTOP-2IFEJBVE" ignored="0" name="Verify predicted temperatures of 7 days and find the number of sunny days" tests="3" failures="0" timestamp="22 Apr 2021 12:59:51 GMT" time="2.339" errors="0">
  <testcase name="validateResponseCodeTest" time="1.893" classname="com.qa.test.WeatherAPITest"/>
  <testcase name="validateLatitudeLongitudeTest" time="0.239" classname="com.qa.test.WeatherAPITest"/>
  <testcase name="validateWeatherDetailsTest" time="0.149" classname="com.qa.test.WeatherAPITest"/>
</testsuite> <!-- Verify predicted temperatures of 7 days and find the number of sunny days -->
