<?xml version="1.0" encoding="UTF-8"?>
<testng-results skipped="0" failed="0" ignored="0" total="4" passed="4">
  <reporter-output>
  </reporter-output>
  <suite name="Default suite" duration-ms="2352" started-at="2021-04-22T14:56:45Z" finished-at="2021-04-22T14:56:48Z">
    <groups>
    </groups>
    <test name="Default test" duration-ms="2352" started-at="2021-04-22T14:56:45Z" finished-at="2021-04-22T14:56:48Z">
      <class name="com.qa.test.WeatherAPITest">
        <test-method status="PASS" signature="setup()[pri:0, instance:com.qa.test.WeatherAPITest@4678c730]" name="setup" is-config="true" duration-ms="48" started-at="2021-04-22T14:56:45Z" finished-at="2021-04-22T14:56:45Z">
          <reporter-output>
          </reporter-output>
        </test-method> <!-- setup -->
        <test-method status="PASS" signature="validateResponseCodeTest()[pri:1, instance:com.qa.test.WeatherAPITest@4678c730]" name="validateResponseCodeTest" duration-ms="1928" started-at="2021-04-22T14:56:45Z" finished-at="2021-04-22T14:56:47Z">
          <reporter-output>
          </reporter-output>
        </test-method> <!-- validateResponseCodeTest -->
        <test-method status="PASS" signature="validateLatitudeLongitudeTest()[pri:2, instance:com.qa.test.WeatherAPITest@4678c730]" name="validateLatitudeLongitudeTest" duration-ms="214" started-at="2021-04-22T14:56:47Z" depends-on-methods="com.qa.test.WeatherAPITest.validateResponseCodeTest" finished-at="2021-04-22T14:56:48Z">
          <reporter-output>
          </reporter-output>
        </test-method> <!-- validateLatitudeLongitudeTest -->
        <test-method status="PASS" signature="validateTimezoneTest()[pri:3, instance:com.qa.test.WeatherAPITest@4678c730]" name="validateTimezoneTest" duration-ms="6" started-at="2021-04-22T14:56:48Z" depends-on-methods="com.qa.test.WeatherAPITest.validateResponseCodeTest" finished-at="2021-04-22T14:56:48Z">
          <reporter-output>
          </reporter-output>
        </test-method> <!-- validateTimezoneTest -->
        <test-method status="PASS" signature="validateWeatherDetailsTest()[pri:4, instance:com.qa.test.WeatherAPITest@4678c730]" name="validateWeatherDetailsTest" duration-ms="135" started-at="2021-04-22T14:56:48Z" depends-on-methods="com.qa.test.WeatherAPITest.validateResponseCodeTest" finished-at="2021-04-22T14:56:48Z">
          <reporter-output>
          </reporter-output>
        </test-method> <!-- validateWeatherDetailsTest -->
        <test-method status="PASS" signature="cleaup()[pri:0, instance:com.qa.test.WeatherAPITest@4678c730]" name="cleaup" is-config="true" duration-ms="1" started-at="2021-04-22T14:56:48Z" finished-at="2021-04-22T14:56:48Z">
          <reporter-output>
          </reporter-output>
        </test-method> <!-- cleaup -->
      </class> <!-- com.qa.test.WeatherAPITest -->
    </test> <!-- Default test -->
  </suite> <!-- Default suite -->
</testng-results>
